<?xml version="1.0" encoding="UTF-8"?>
<testng-results ignored="0" total="1" passed="1" failed="0" skipped="0">
  <reporter-output>
  </reporter-output>
  <suite started-at="2020-07-05T12:58:49 EDT" name="Default suite" finished-at="2020-07-05T12:59:03 EDT" duration-ms="13768">
    <groups>
    </groups>
    <test started-at="2020-07-05T12:58:49 EDT" name="Default test" finished-at="2020-07-05T12:59:03 EDT" duration-ms="13768">
      <class name="test_signIn.LoginWithValidCredentialUsingEmail">
        <test-method is-config="true" signature="startTestSuite()[pri:0, instance:test_signIn.LoginWithValidCredentialUsingEmail@1e730495]" started-at="2020-07-05T12:58:49 EDT" name="startTestSuite" finished-at="2020-07-05T12:58:49 EDT" duration-ms="37" status="PASS">
          <reporter-output>
          </reporter-output>
        </test-method> <!-- startTestSuite -->
        <test-method is-config="true" signature="beforeEachTestMethod()[pri:0, instance:test_signIn.LoginWithValidCredentialUsingEmail@1e730495]" started-at="2020-07-05T12:58:49 EDT" name="beforeEachTestMethod" finished-at="2020-07-05T12:58:57 EDT" duration-ms="8366" status="PASS">
          <reporter-output>
          </reporter-output>
        </test-method> <!-- beforeEachTestMethod -->
        <test-method signature="loginWithValidCredentialUsingEmailTest()[pri:0, instance:test_signIn.LoginWithValidCredentialUsingEmail@1e730495]" started-at="2020-07-05T12:58:57 EDT" name="loginWithValidCredentialUsingEmailTest" finished-at="2020-07-05T12:59:03 EDT" duration-ms="5368" status="PASS">
          <reporter-output>
          </reporter-output>
        </test-method> <!-- loginWithValidCredentialUsingEmailTest -->
        <test-method is-config="true" signature="afterEachTestMethod()[pri:0, instance:test_signIn.LoginWithValidCredentialUsingEmail@1e730495]" started-at="2020-07-05T12:59:03 EDT" name="afterEachTestMethod" finished-at="2020-07-05T12:59:03 EDT" duration-ms="0" status="PASS">
          <reporter-output>
          </reporter-output>
        </test-method> <!-- afterEachTestMethod -->
        <test-method is-config="true" signature="tearDown()[pri:0, instance:test_signIn.LoginWithValidCredentialUsingEmail@1e730495]" started-at="2020-07-05T12:59:03 EDT" name="tearDown" finished-at="2020-07-05T12:59:03 EDT" duration-ms="1" status="PASS">
          <reporter-output>
          </reporter-output>
        </test-method> <!-- tearDown -->
      </class> <!-- test_signIn.LoginWithValidCredentialUsingEmail -->
    </test> <!-- Default test -->
  </suite> <!-- Default suite -->
</testng-results>
